


          SolidWorks Corporation - STEP Processor Error Log
          ______________________________________________________

                       STEP Post Processor
                       ___________________


STEP File Name: E:\gitee\damiao\关节电机\DM-J6006-2EC\3D模型\dm_6210_3d_20230822.stp


曲面已成功地形成实体。
STEP-in 完成曲面已成功地形成实体。
STEP-in 完成曲面已成功地形成实体。
STEP-in 完成曲面已成功地形成实体。
STEP-in 完成曲面已成功地形成实体。
STEP-in 完成曲面已成功地形成实体。
STEP-in 完成曲面已成功地形成实体。
STEP-in 完成曲面已成功地形成实体。
STEP-in 完成曲面已成功地形成实体。
STEP-in 完成曲面已成功地形成实体。
STEP-in 完成曲面已成功地形成实体。
STEP-in 完成曲面已成功地形成实体。
STEP-in 完成曲面已成功地形成实体。
STEP-in 完成曲面已成功地形成实体。
STEP-in 完成曲面已成功地形成实体。
STEP-in 完成曲面已成功地形成实体。
STEP-in 完成曲面已成功地形成实体。
STEP-in 完成曲面已成功地形成实体。
STEP-in 完成曲面已成功地形成实体。
STEP-in 完成
Error: 无法从剪裁的曲面生成实体。
STEP-in 无法成功完成
曲面已成功地形成实体。
STEP-in 完成Reversing curve, low: 1, high: 0
Reversing curve, low: 1, high: 0
警告: Surface problem...在曲面上的环组合无效。
警告: Surface problem...在曲面上的环组合无效。
警告: Surface problem...在曲面上的环组合无效。
警告: Surface problem...在曲面上的环组合无效。
警告: Surface problem...在曲面上的环组合无效。
警告: Surface problem...在曲面上的环组合无效。
警告: Surface problem...在曲面上的环组合无效。
警告: Surface problem...在曲面上的环组合无效。
警告: Surface problem...在曲面上的环组合无效。
警告: Surface problem...在曲面上的环组合无效。
警告: Surface problem...在曲面上的环组合无效。
警告: Surface problem...在曲面上的环组合无效。
警告: Surface problem...在曲面上的环组合无效。
警告: Surface problem...在曲面上的环组合无效。
警告: Surface problem...在曲面上的环组合无效。
警告: Surface problem...在曲面上的环组合无效。
警告: Surface problem...在曲面上的环组合无效。
警告: Surface problem...在曲面上的环组合无效。
警告: Surface problem...在曲面上的环组合无效。
警告: Surface problem...在曲面上的环组合无效。
警告: Surface problem...在曲面上的环组合无效。
警告: Surface problem...在曲面上的环组合无效。
警告: Surface problem...在曲面上的环组合无效。
警告: Surface problem...在曲面上的环组合无效。
警告: Surface problem...在曲面上的环组合无效。
警告: Surface problem...在曲面上的环组合无效。
警告: Surface problem...在曲面上的环组合无效。
警告: Surface problem...在曲面上的环组合无效。
警告: Surface problem...在曲面上的环组合无效。
警告: Surface problem...在曲面上的环组合无效。
警告: Surface problem...曲线的环有不一致的方向。
警告: Surface problem...曲线的环有不一致的方向。
警告: Surface problem...在曲面上的环组合无效。
警告: Surface problem...在曲面上的环组合无效。
警告: Surface problem...在曲面上的环组合无效。
警告: Surface problem...曲线的环有不一致的方向。
警告: Surface problem...在曲面上的环组合无效。
警告: Surface problem...在曲面上的环组合无效。
警告: Surface problem...在曲面上的环组合无效。
警告: Surface problem...在曲面上的环组合无效。
警告: Surface problem...在曲面上的环组合无效。
警告: Surface problem...在曲面上的环组合无效。
警告: Surface problem...在曲面上的环组合无效。
警告: Surface problem...在曲面上的环组合无效。
警告: Surface problem...在曲面上的环组合无效。
警告: Surface problem...在曲面上的环组合无效。
警告: Surface problem...曲线的环有不一致的方向。
警告: Surface problem...曲线的环有不一致的方向。
警告: Surface problem...在曲面上的环组合无效。
警告: Surface problem...在曲面上的环组合无效。
警告: Surface problem...剪裁曲面构造器无法生成出解决方式。
警告: Surface problem...在曲面上的环组合无效。
警告: Surface problem...在曲面上的环组合无效。
警告: Surface problem...在曲面上的环组合无效。
警告: Surface problem...在曲面上的环组合无效。
警告: Surface problem...在曲面上的环组合无效。
警告: Surface problem...在曲面上的环组合无效。
警告: Surface problem...在曲面上的环组合无效。
警告: Surface problem...在曲面上的环组合无效。
警告: Surface problem...在曲面上的环组合无效。
警告: Surface problem...在曲面上的环组合无效。
警告: Surface problem...在曲面上的环组合无效。
警告: Surface problem...在曲面上的环组合无效。
警告: Surface problem...在曲面上的环组合无效。
警告: Surface problem...在曲面上的环组合无效。
警告: Surface problem...在曲面上的环组合无效。
警告: Surface problem...在曲面上的环组合无效。
警告: Surface problem...在曲面上的环组合无效。
警告: Surface problem...在曲面上的环组合无效。
警告: Surface problem...在曲面上的环组合无效。
警告: Surface problem...曲线的环有不一致的方向。
警告: Surface problem...在曲面上的环组合无效。
警告: Surface problem...在曲面上的环组合无效。
警告: Surface problem...在曲面上的环组合无效。
警告: Surface problem...曲线的环有不一致的方向。
警告: Surface problem...在曲面上的环组合无效。
警告: Surface problem...在曲面上的环组合无效。
警告: Surface problem...曲线的环有不一致的方向。
警告: Surface problem...在曲面上的环组合无效。
警告: Surface problem...在曲面上的环组合无效。
警告: Surface problem...在曲面上的环组合无效。
警告: Surface problem...在曲面上的环组合无效。
警告: Surface problem...在曲面上的环组合无效。
警告: Surface problem...在曲面上的环组合无效。
警告: Surface problem...曲线的环有不一致的方向。
警告: Surface problem...在曲面上的环组合无效。
警告: Surface problem...在曲面上的环组合无效。
警告: Surface problem...在曲面上的环组合无效。
警告: Surface problem...在曲面上的环组合无效。
警告: Surface problem...在曲面上的环组合无效。
警告: Surface problem...在曲面上的环组合无效。
警告: Surface problem...在曲面上的环组合无效。
警告: Surface problem...在曲面上的环组合无效。
警告: Surface problem...在曲面上的环组合无效。
警告: Surface problem...在曲面上的环组合无效。
警告: Surface problem...在曲面上的环组合无效。
警告: Surface problem...在曲面上的环组合无效。
警告: Surface problem...在曲面上的环组合无效。
警告: Surface problem...在曲面上的环组合无效。
警告: Surface problem...在曲面上的环组合无效。
警告: Surface problem...在曲面上的环组合无效。
警告: Surface problem...在曲面上的环组合无效。
警告: Surface problem...在曲面上的环组合无效。
警告: Surface problem...在曲面上的环组合无效。
警告: Surface problem...在曲面上的环组合无效。
警告: Surface problem...在曲面上的环组合无效。
警告: Surface problem...在曲面上的环组合无效。
警告: Surface problem...在曲面上的环组合无效。
警告: Surface problem...在曲面上的环组合无效。
警告: Surface problem...在曲面上的环组合无效。
警告: Surface problem...在曲面上的环组合无效。
警告: Surface problem...在曲面上的环组合无效。
警告: Surface problem...曲线的环有不一致的方向。
警告: Surface problem...在曲面上的环组合无效。
警告: Surface problem...曲线的环有不一致的方向。
警告: Surface problem...在曲面上的环组合无效。
警告: Surface problem...在曲面上的环组合无效。
警告: Surface problem...在曲面上的环组合无效。
警告: Surface problem...在曲面上的环组合无效。
警告: Surface problem...在曲面上的环组合无效。
警告: Surface problem...曲线的环有不一致的方向。
警告: Surface problem...在曲面上的环组合无效。
警告: Surface problem...曲线的环有不一致的方向。
警告: Surface problem...在曲面上的环组合无效。
警告: Surface problem...在曲面上的环组合无效。
警告: Surface problem...在曲面上的环组合无效。
警告: Surface problem...在曲面上的环组合无效。
警告: Surface problem...在曲面上的环组合无效。
警告: Surface problem...在曲面上的环组合无效。
警告: Surface problem...在曲面上的环组合无效。
警告: Surface problem...剪裁曲面构造器无法生成出解决方式。
警告: Surface problem...在曲面上的环组合无效。
警告: Surface problem...在曲面上的环组合无效。
警告: Surface problem...在曲面上的环组合无效。
警告: Surface problem...在曲面上的环组合无效。
警告: Surface problem...在曲面上的环组合无效。
警告: Surface problem...在曲面上的环组合无效。
警告: Surface problem...在曲面上的环组合无效。
警告: Surface problem...在曲面上的环组合无效。
警告: Surface problem...在曲面上的环组合无效。
警告: Surface problem...在曲面上的环组合无效。
警告: Surface problem...在曲面上的环组合无效。
警告: Surface problem...在曲面上的环组合无效。
警告: Surface problem...在曲面上的环组合无效。
警告: Surface problem...在曲面上的环组合无效。
警告: Surface problem...在曲面上的环组合无效。
警告: Surface problem...在曲面上的环组合无效。
警告: Surface problem...在曲面上的环组合无效。
警告: Surface problem...在曲面上的环组合无效。
警告: Surface problem...在曲面上的环组合无效。
警告: Surface problem...在曲面上的环组合无效。
警告: Surface problem...在曲面上的环组合无效。
警告: Surface problem...在曲面上的环组合无效。
警告: Surface problem...在曲面上的环组合无效。
警告: Surface problem...在曲面上的环组合无效。
警告: Surface problem...在曲面上的环组合无效。
警告: Surface problem...在曲面上的环组合无效。
警告: Surface problem...在曲面上的环组合无效。
警告: Surface problem...在曲面上的环组合无效。
警告: Surface problem...在曲面上的环组合无效。
警告: Surface problem...在曲面上的环组合无效。
警告: Surface problem...在曲面上的环组合无效。
警告: Surface problem...在曲面上的环组合无效。
警告: Surface problem...在曲面上的环组合无效。
警告: Surface problem...在曲面上的环组合无效。
警告: Surface problem...在曲面上的环组合无效。
警告: Surface problem...在曲面上的环组合无效。
警告: Surface problem...在曲面上的环组合无效。
警告: Surface problem...在曲面上的环组合无效。
警告: Surface problem...在曲面上的环组合无效。
警告: Surface problem...在曲面上的环组合无效。
警告: Surface problem...在曲面上的环组合无效。
警告: Surface problem...在曲面上的环组合无效。
警告: Surface problem...在曲面上的环组合无效。
警告: Surface problem...在曲面上的环组合无效。
警告: Surface problem...在曲面上的环组合无效。
警告: Surface problem...在曲面上的环组合无效。
警告: Surface problem...在曲面上的环组合无效。
警告: Surface problem...在曲面上的环组合无效。
警告: Surface problem...在曲面上的环组合无效。
警告: Surface problem...在曲面上的环组合无效。
警告: Surface problem...在曲面上的环组合无效。
警告: Surface problem...在曲面上的环组合无效。
警告: Surface problem...在曲面上的环组合无效。
警告: Surface problem...在曲面上的环组合无效。
警告: Surface problem...在曲面上的环组合无效。
警告: Surface problem...在曲面上的环组合无效。
警告: Surface problem...在曲面上的环组合无效。
警告: Surface problem...在曲面上的环组合无效。
警告: Surface problem...在曲面上的环组合无效。
警告: Surface problem...在曲面上的环组合无效。
警告: Surface problem...在曲面上的环组合无效。
警告: Surface problem...在曲面上的环组合无效。
警告: Surface problem...在曲面上的环组合无效。
警告: Surface problem...在曲面上的环组合无效。
警告: Surface problem...在曲面上的环组合无效。
警告: Surface problem...在曲面上的环组合无效。
警告: Surface problem...在曲面上的环组合无效。
警告: Surface problem...在曲面上的环组合无效。
警告: Surface problem...在曲面上的环组合无效。
警告: Surface problem...在曲面上的环组合无效。
警告: Surface problem...在曲面上的环组合无效。
警告: Surface problem...在曲面上的环组合无效。
警告: Surface problem...在曲面上的环组合无效。
警告: Surface problem...在曲面上的环组合无效。
警告: Surface problem...在曲面上的环组合无效。
警告: Surface problem...在曲面上的环组合无效。
警告: Surface problem...在曲面上的环组合无效。
警告: Surface problem...在曲面上的环组合无效。
警告: Surface problem...在曲面上的环组合无效。
警告: Surface problem...在曲面上的环组合无效。
警告: Surface problem...在曲面上的环组合无效。
警告: Surface problem...在曲面上的环组合无效。
警告: Surface problem...在曲面上的环组合无效。
警告: Surface problem...在曲面上的环组合无效。
警告: Surface problem...在曲面上的环组合无效。
警告: Surface problem...在曲面上的环组合无效。
警告: Surface problem...在曲面上的环组合无效。
警告: Surface problem...在曲面上的环组合无效。
警告: Surface problem...在曲面上的环组合无效。
警告: Surface problem...在曲面上的环组合无效。
警告: Surface problem...在曲面上的环组合无效。
警告: Surface problem...在曲面上的环组合无效。
警告: Surface problem...在曲面上的环组合无效。
警告: Surface problem...在曲面上的环组合无效。
警告: Surface problem...在曲面上的环组合无效。
警告: Surface problem...在曲面上的环组合无效。
警告: Surface problem...在曲面上的环组合无效。
警告: Surface problem...剪裁曲面构造器无法生成出解决方式。
警告: Surface problem...剪裁曲面构造器无法生成出解决方式。
警告: Surface problem...剪裁曲面构造器无法生成出解决方式。
警告: Surface problem...剪裁曲面构造器无法生成出解决方式。
警告: Surface problem...剪裁曲面构造器无法生成出解决方式。
警告: Surface problem...剪裁曲面构造器无法生成出解决方式。
警告: Surface problem...剪裁曲面构造器无法生成出解决方式。
警告: Surface problem...剪裁曲面构造器无法生成出解决方式。
警告: Surface problem...在曲面上的环组合无效。
警告: Surface problem...在曲面上的环组合无效。
警告: Surface problem...在曲面上的环组合无效。
警告: Surface problem...在曲面上的环组合无效。
警告: Surface problem...在曲面上的环组合无效。
警告: Surface problem...在曲面上的环组合无效。
警告: Surface problem...曲线的环有不一致的方向。
警告: Surface problem...在曲面上的环组合无效。
警告: Surface problem...在曲面上的环组合无效。
警告: Surface problem...在曲面上的环组合无效。
警告: Surface problem...在曲面上的环组合无效。
警告: Surface problem...曲线的环有不一致的方向。
警告: Surface problem...在曲面上的环组合无效。
警告: Surface problem...在曲面上的环组合无效。
警告: Surface problem...在曲面上的环组合无效。
警告: Surface problem...在曲面上的环组合无效。
警告: Surface problem...在曲面上的环组合无效。
警告: Surface problem...在曲面上的环组合无效。
警告: Surface problem...在曲面上的环组合无效。
警告: Surface problem...在曲面上的环组合无效。
警告: Surface problem...在曲面上的环组合无效。
警告: Surface problem...在曲面上的环组合无效。
警告: Surface problem...在曲面上的环组合无效。
警告: Surface problem...在曲面上的环组合无效。
警告: Surface problem...在曲面上的环组合无效。
警告: Surface problem...在曲面上的环组合无效。
警告: Surface problem...在曲面上的环组合无效。
警告: Surface problem...在曲面上的环组合无效。
警告: Surface problem...剪裁曲面构造器无法生成出解决方式。
警告: Surface problem...在曲面上的环组合无效。
警告: Surface problem...在曲面上的环组合无效。
警告: Surface problem...在曲面上的环组合无效。
警告: Surface problem...在曲面上的环组合无效。
警告: Surface problem...在曲面上的环组合无效。
警告: Surface problem...在曲面上的环组合无效。
警告: Surface problem...在曲面上的环组合无效。
警告: Surface problem...在曲面上的环组合无效。
警告: Surface problem...在曲面上的环组合无效。
警告: Surface problem...在曲面上的环组合无效。
警告: Surface problem...在曲面上的环组合无效。
警告: Surface problem...在曲面上的环组合无效。
警告: Surface problem...在曲面上的环组合无效。
警告: Surface problem...在曲面上的环组合无效。
警告: Surface problem...在曲面上的环组合无效。
警告: Surface problem...在曲面上的环组合无效。
警告: Surface problem...在曲面上的环组合无效。
警告: Surface problem...在曲面上的环组合无效。
警告: Surface problem...在曲面上的环组合无效。
警告: Surface problem...剪裁曲面构造器无法生成出解决方式。
警告: Surface problem...在曲面上的环组合无效。
警告: Surface problem...在曲面上的环组合无效。
警告: Surface problem...在曲面上的环组合无效。
警告: Surface problem...在曲面上的环组合无效。
警告: Surface problem...剪裁曲面构造器无法生成出解决方式。
警告: Surface problem...在曲面上的环组合无效。
警告: Surface problem...在曲面上的环组合无效。
警告: Surface problem...在曲面上的环组合无效。
警告: Surface problem...剪裁曲面构造器无法生成出解决方式。
警告: Surface problem...在曲面上的环组合无效。
警告: Surface problem...在曲面上的环组合无效。
警告: Surface problem...在曲面上的环组合无效。
警告: Surface problem...在曲面上的环组合无效。
警告: Surface problem...在曲面上的环组合无效。
警告: Surface problem...在曲面上的环组合无效。
警告: Surface problem...在曲面上的环组合无效。
警告: Surface problem...在曲面上的环组合无效。
警告: Surface problem...在曲面上的环组合无效。
警告: Surface problem...在曲面上的环组合无效。
警告: Surface problem...在曲面上的环组合无效。
警告: Surface problem...在曲面上的环组合无效。
警告: Surface problem...在曲面上的环组合无效。
警告: Surface problem...在曲面上的环组合无效。
警告: Surface problem...在曲面上的环组合无效。
警告: Surface problem...在曲面上的环组合无效。
警告: Surface problem...在曲面上的环组合无效。
警告: Surface problem...在曲面上的环组合无效。
警告: Surface problem...在曲面上的环组合无效。
警告: Surface problem...在曲面上的环组合无效。
警告: Surface problem...在曲面上的环组合无效。
警告: Surface problem...在曲面上的环组合无效。
警告: Surface problem...在曲面上的环组合无效。
警告: Surface problem...在曲面上的环组合无效。
警告: Surface problem...在曲面上的环组合无效。
警告: Surface problem...在曲面上的环组合无效。
警告: Surface problem...在曲面上的环组合无效。
警告: Surface problem...在曲面上的环组合无效。
警告: Surface problem...在曲面上的环组合无效。
警告: Surface problem...在曲面上的环组合无效。
警告: Surface problem...在曲面上的环组合无效。
警告: Surface problem...在曲面上的环组合无效。
警告: Surface problem...在曲面上的环组合无效。
警告: Surface problem...在曲面上的环组合无效。
警告: Surface problem...在曲面上的环组合无效。
警告: Surface problem...在曲面上的环组合无效。
警告: Surface problem...在曲面上的环组合无效。
警告: Surface problem...在曲面上的环组合无效。
警告: Surface problem...在曲面上的环组合无效。
警告: Surface problem...在曲面上的环组合无效。
警告: Surface problem...在曲面上的环组合无效。
警告: Surface problem...在曲面上的环组合无效。
警告: Surface problem...在曲面上的环组合无效。
警告: Surface problem...在曲面上的环组合无效。
警告: Surface problem...在曲面上的环组合无效。
警告: Surface problem...在曲面上的环组合无效。
警告: Surface problem...在曲面上的环组合无效。
警告: Surface problem...在曲面上的环组合无效。
警告: Surface problem...在曲面上的环组合无效。
警告: Surface problem...在曲面上的环组合无效。
警告: Surface problem...在曲面上的环组合无效。
警告: Surface problem...在曲面上的环组合无效。
警告: Surface problem...在曲面上的环组合无效。
警告: Surface problem...在曲面上的环组合无效。
警告: Surface problem...在曲面上的环组合无效。
警告: Surface problem...在曲面上的环组合无效。
警告: Surface problem...在曲面上的环组合无效。
警告: Surface problem...在曲面上的环组合无效。
警告: Surface problem...在曲面上的环组合无效。
警告: Surface problem...在曲面上的环组合无效。
警告: Surface problem...在曲面上的环组合无效。
警告: Surface problem...在曲面上的环组合无效。
警告: Surface problem...在曲面上的环组合无效。
警告: Surface problem...在曲面上的环组合无效。
警告: Surface problem...在曲面上的环组合无效。
警告: Surface problem...在曲面上的环组合无效。
警告: Surface problem...剪裁曲面构造器无法生成出解决方式。
警告: Surface problem...在曲面上的环组合无效。
警告: Surface problem...在曲面上的环组合无效。
警告: Surface problem...在曲面上的环组合无效。
警告: Surface problem...在曲面上的环组合无效。
警告: Surface problem...在曲面上的环组合无效。
警告: Surface problem...在曲面上的环组合无效。
警告: Surface problem...在曲面上的环组合无效。
警告: Surface problem...在曲面上的环组合无效。
警告: Surface problem...在曲面上的环组合无效。
警告: Surface problem...剪裁曲面构造器无法生成出解决方式。
警告: Surface problem...在曲面上的环组合无效。
警告: Surface problem...在曲面上的环组合无效。
警告: Surface problem...在曲面上的环组合无效。
警告: Surface problem...在曲面上的环组合无效。
警告: Surface problem...在曲面上的环组合无效。
警告: Surface problem...在曲面上的环组合无效。
警告: Surface problem...在曲面上的环组合无效。
警告: Surface problem...在曲面上的环组合无效。
警告: Surface problem...在曲面上的环组合无效。
警告: Surface problem...在曲面上的环组合无效。
警告: Surface problem...在曲面上的环组合无效。
警告: Surface problem...在曲面上的环组合无效。
警告: Surface problem...在曲面上的环组合无效。
警告: Surface problem...在曲面上的环组合无效。
警告: Surface problem...在曲面上的环组合无效。
警告: Surface problem...在曲面上的环组合无效。
警告: Surface problem...在曲面上的环组合无效。
警告: Surface problem...在曲面上的环组合无效。
警告: Surface problem...在曲面上的环组合无效。
警告: Surface problem...在曲面上的环组合无效。
警告: Surface problem...在曲面上的环组合无效。
警告: Surface problem...在曲面上的环组合无效。
警告: Surface problem...在曲面上的环组合无效。
警告: Surface problem...在曲面上的环组合无效。
警告: Surface problem...在曲面上的环组合无效。
警告: Surface problem...在曲面上的环组合无效。
警告: Surface problem...在曲面上的环组合无效。
警告: Surface problem...在曲面上的环组合无效。
警告: Surface problem...剪裁曲面构造器无法生成出解决方式。
警告: Surface problem...在曲面上的环组合无效。
警告: Surface problem...在曲面上的环组合无效。
警告: Surface problem...在曲面上的环组合无效。
警告: Surface problem...在曲面上的环组合无效。
警告: Surface problem...在曲面上的环组合无效。
警告: Surface problem...在曲面上的环组合无效。
警告: Surface problem...曲线的环有不一致的方向。
警告: Surface problem...在曲面上的环组合无效。
警告: Surface problem...在曲面上的环组合无效。
警告: Surface problem...在曲面上的环组合无效。
警告: Surface problem...在曲面上的环组合无效。
警告: Surface problem...在曲面上的环组合无效。
警告: Surface problem...在曲面上的环组合无效。
警告: Surface problem...在曲面上的环组合无效。
警告: Surface problem...在曲面上的环组合无效。
警告: Surface problem...在曲面上的环组合无效。
警告: Surface problem...在曲面上的环组合无效。
警告: Surface problem...在曲面上的环组合无效。
警告: Surface problem...在曲面上的环组合无效。
警告: Surface problem...在曲面上的环组合无效。
警告: Surface problem...在曲面上的环组合无效。
警告: Surface problem...在曲面上的环组合无效。
警告: Surface problem...在曲面上的环组合无效。
警告: Surface problem...在曲面上的环组合无效。
警告: Surface problem...在曲面上的环组合无效。
警告: Surface problem...在曲面上的环组合无效。
警告: Surface problem...在曲面上的环组合无效。
警告: Surface problem...在曲面上的环组合无效。
警告: Surface problem...在曲面上的环组合无效。
警告: Surface problem...在曲面上的环组合无效。
警告: Surface problem...在曲面上的环组合无效。
警告: Surface problem...在曲面上的环组合无效。
警告: Surface problem...在曲面上的环组合无效。
警告: Surface problem...在曲面上的环组合无效。
警告: Surface problem...在曲面上的环组合无效。
警告: Surface problem...在曲面上的环组合无效。
警告: Surface problem...在曲面上的环组合无效。
警告: Surface problem...在曲面上的环组合无效。
警告: Surface problem...在曲面上的环组合无效。
警告: Surface problem...在曲面上的环组合无效。
警告: Surface problem...在曲面上的环组合无效。
警告: Surface problem...在曲面上的环组合无效。
警告: Surface problem...在曲面上的环组合无效。
警告: Surface problem...在曲面上的环组合无效。
警告: Surface problem...在曲面上的环组合无效。
警告: Surface problem...在曲面上的环组合无效。
警告: Surface problem...在曲面上的环组合无效。
警告: Surface problem...在曲面上的环组合无效。
警告: Surface problem...在曲面上的环组合无效。
警告: Surface problem...在曲面上的环组合无效。
警告: Surface problem...在曲面上的环组合无效。
警告: Surface problem...在曲面上的环组合无效。
警告: Surface problem...在曲面上的环组合无效。
警告: Surface problem...在曲面上的环组合无效。
警告: Surface problem...在曲面上的环组合无效。
警告: Surface problem...在曲面上的环组合无效。
警告: Surface problem...在曲面上的环组合无效。
警告: Surface problem...在曲面上的环组合无效。
警告: Surface problem...在曲面上的环组合无效。
警告: Surface problem...在曲面上的环组合无效。
警告: Surface problem...在曲面上的环组合无效。
警告: Surface problem...在曲面上的环组合无效。
警告: Surface problem...在曲面上的环组合无效。
警告: Surface problem...在曲面上的环组合无效。
警告: Surface problem...在曲面上的环组合无效。
警告: Surface problem...在曲面上的环组合无效。
警告: Surface problem...在曲面上的环组合无效。
警告: Surface problem...在曲面上的环组合无效。
警告: Surface problem...在曲面上的环组合无效。
警告: Surface problem...在曲面上的环组合无效。
警告: Surface problem...在曲面上的环组合无效。
警告: Surface problem...在曲面上的环组合无效。
警告: Surface problem...在曲面上的环组合无效。
警告: Surface problem...在曲面上的环组合无效。
警告: Surface problem...在曲面上的环组合无效。
警告: Surface problem...在曲面上的环组合无效。
警告: Surface problem...在曲面上的环组合无效。
警告: Surface problem...在曲面上的环组合无效。
警告: Surface problem...在曲面上的环组合无效。
警告: Surface problem...在曲面上的环组合无效。
警告: Surface problem...在曲面上的环组合无效。
警告: Surface problem...在曲面上的环组合无效。
警告: Surface problem...在曲面上的环组合无效。
警告: Surface problem...在曲面上的环组合无效。
警告: Surface problem...在曲面上的环组合无效。
警告: Surface problem...在曲面上的环组合无效。
警告: Surface problem...在曲面上的环组合无效。
警告: Surface problem...在曲面上的环组合无效。
警告: Surface problem...在曲面上的环组合无效。
警告: Surface problem...在曲面上的环组合无效。
警告: Surface problem...在曲面上的环组合无效。
警告: Surface problem...在曲面上的环组合无效。
警告: Surface problem...在曲面上的环组合无效。
警告: Surface problem...在曲面上的环组合无效。
警告: Surface problem...在曲面上的环组合无效。
警告: Surface problem...在曲面上的环组合无效。
警告: Surface problem...在曲面上的环组合无效。
警告: Surface problem...在曲面上的环组合无效。
警告: Surface problem...在曲面上的环组合无效。
警告: Surface problem...在曲面上的环组合无效。
警告: Surface problem...在曲面上的环组合无效。
警告: Surface problem...在曲面上的环组合无效。
警告: Surface problem...在曲面上的环组合无效。
警告: Surface problem...在曲面上的环组合无效。
警告: Surface problem...在曲面上的环组合无效。
警告: Surface problem...在曲面上的环组合无效。
警告: Surface problem...在曲面上的环组合无效。
警告: Surface problem...在曲面上的环组合无效。
警告: Surface problem...在曲面上的环组合无效。
警告: Surface problem...在曲面上的环组合无效。
警告: Surface problem...在曲面上的环组合无效。
警告: Surface problem...在曲面上的环组合无效。
警告: Surface problem...在曲面上的环组合无效。
警告: Surface problem...在曲面上的环组合无效。
警告: Surface problem...在曲面上的环组合无效。
警告: Surface problem...在曲面上的环组合无效。
警告: Surface problem...在曲面上的环组合无效。
警告: Surface problem...在曲面上的环组合无效。
警告: Surface problem...在曲面上的环组合无效。
警告: Surface problem...在曲面上的环组合无效。
警告: Surface problem...在曲面上的环组合无效。
警告: Surface problem...在曲面上的环组合无效。
警告: Surface problem...在曲面上的环组合无效。
警告: Surface problem...在曲面上的环组合无效。
警告: Surface problem...在曲面上的环组合无效。
警告: Surface problem...在曲面上的环组合无效。
警告: Surface problem...在曲面上的环组合无效。
警告: Surface problem...在曲面上的环组合无效。
警告: Surface problem...在曲面上的环组合无效。
警告: Surface problem...在曲面上的环组合无效。
警告: Surface problem...在曲面上的环组合无效。
警告: Surface problem...在曲面上的环组合无效。
警告: Surface problem...在曲面上的环组合无效。
警告: Surface problem...在曲面上的环组合无效。
警告: Surface problem...在曲面上的环组合无效。
警告: Surface problem...在曲面上的环组合无效。
警告: Surface problem...在曲面上的环组合无效。
警告: Surface problem...在曲面上的环组合无效。
警告: Surface problem...在曲面上的环组合无效。
警告: Surface problem...在曲面上的环组合无效。
警告: Surface problem...在曲面上的环组合无效。
警告: Surface problem...在曲面上的环组合无效。
警告: Surface problem...在曲面上的环组合无效。
警告: Surface problem...在曲面上的环组合无效。
警告: Surface problem...在曲面上的环组合无效。
警告: Surface problem...在曲面上的环组合无效。
警告: Surface problem...在曲面上的环组合无效。
警告: Surface problem...在曲面上的环组合无效。
警告: Surface problem...在曲面上的环组合无效。
警告: Surface problem...在曲面上的环组合无效。
警告: Surface problem...在曲面上的环组合无效。
警告: Surface problem...在曲面上的环组合无效。
警告: Surface problem...在曲面上的环组合无效。
警告: Surface problem...在曲面上的环组合无效。
警告: Surface problem...在曲面上的环组合无效。
警告: Surface problem...在曲面上的环组合无效。
警告: Surface problem...在曲面上的环组合无效。
警告: Surface problem...在曲面上的环组合无效。
警告: Surface problem...在曲面上的环组合无效。
警告: Surface problem...在曲面上的环组合无效。
警告: Surface problem...在曲面上的环组合无效。
警告: Surface problem...在曲面上的环组合无效。
曲面已成功地形成实体。
STEP-in 完成
Error: 无法从剪裁的曲面生成实体。
STEP-in 无法成功完成
