


          SolidWorks Corporation - STEP Processor Error Log
          ______________________________________________________

                       STEP Post Processor
                       ___________________


STEP File Name: E:\gitee\damiao\关节电机\DM-J8006-2EC\3D模型\待停产-DM-J8006 减速电机V1.1-3D 20240822.stp


曲面已成功地形成实体。
STEP-in 完成曲面已成功地形成实体。
STEP-in 完成曲面已成功地形成实体。
STEP-in 完成曲面已成功地形成实体。
STEP-in 完成曲面已成功地形成实体。
STEP-in 完成曲面已成功地形成实体。
STEP-in 完成曲面已成功地形成实体。
STEP-in 完成曲面已成功地形成实体。
STEP-in 完成曲面已成功地形成实体。
STEP-in 完成曲面已成功地形成实体。
STEP-in 完成曲面已成功地形成实体。
STEP-in 完成曲面已成功地形成实体。
STEP-in 完成曲面已成功地形成实体。
STEP-in 完成曲面已成功地形成实体。
STEP-in 完成曲面已成功地形成实体。
STEP-in 完成曲面已成功地形成实体。
STEP-in 完成曲面已成功地形成实体。
STEP-in 完成曲面已成功地形成实体。
STEP-in 完成曲面已成功地形成实体。
STEP-in 完成曲面已成功地形成实体。
STEP-in 完成曲面已成功地形成实体。
STEP-in 完成曲面已成功地形成实体。
STEP-in 完成
Error: 无法从剪裁的曲面生成实体。
STEP-in 无法成功完成
曲面已成功地形成实体。
STEP-in 完成曲面已成功地形成实体。
STEP-in 完成曲面已成功地形成实体。
STEP-in 完成